<?xml version="1.0" encoding="UTF-8"?>
<!-- Generated by org.testng.reporters.JUnitReportReporter -->
<testsuite hostname="Santosh" failures="0" tests="5" name="com.tests.Auto_SecondWays" time="77.009" errors="0" timestamp="2024-08-12T10:31:39 IST" skipped="0">
  <testcase classname="com.tests.Auto_SecondWays" name="addProductToCart" time="13.172"/>
  <system-out/>
  <testcase classname="com.tests.Auto_SecondWays" name="updateQuantityInCart" time="18.311"/>
  <system-out/>
  <testcase classname="com.tests.Auto_SecondWays" name="searchExistingProduct" time="17.467"/>
  <system-out/>
  <testcase classname="com.tests.Auto_SecondWays" name="searchNonExistingProduct" time="9.222"/>
  <system-out/>
  <testcase classname="com.tests.Auto_SecondWays" name="removeProductFromCart" time="18.837"/>
  <system-out/>
</testsuite> <!-- com.tests.Auto_SecondWays -->
