<?xml version="1.0" encoding="UTF-8"?>
<!-- Generated by org.testng.reporters.JUnitReportReporter -->
<testsuite hostname="Santosh" failures="0" tests="5" name="com.tests.EcommTest2" time="86.323" errors="0" timestamp="2024-08-12T11:23:13 IST" skipped="0">
  <testcase classname="com.tests.EcommTest2" name="searchNonExistingProduct" time="12.568"/>
  <system-out/>
  <testcase classname="com.tests.EcommTest2" name="searchExistingProduct" time="12.726"/>
  <system-out/>
  <testcase classname="com.tests.EcommTest2" name="addProductToCart" time="14.752"/>
  <system-out/>
  <testcase classname="com.tests.EcommTest2" name="updateQuantityInCart" time="21.395"/>
  <system-out/>
  <testcase classname="com.tests.EcommTest2" name="removeProductFromCart" time="24.882"/>
  <system-out/>
</testsuite> <!-- com.tests.EcommTest2 -->
